<?xml version="1.0" encoding="UTF-8"?>
<testsuite xmlns:xsi="http://www.w3.org/2001/XMLSchema-instance" xsi:noNamespaceSchemaLocation="https://maven.apache.org/surefire/maven-surefire-plugin/xsd/surefire-test-report-3.0.xsd" version="3.0" name="com.dct.kb.ai_chat.AiChatApplicationTests" time="5.036" tests="1" errors="0" skipped="0" failures="0">
  <properties>
    <property name="java.specification.version" value="17"/>
    <property name="sun.cpu.isalist" value="amd64"/>
    <property name="sun.jnu.encoding" value="Cp1252"/>
    <property name="java.class.path" value="C:\Users\durga\OneDrive\Documents\AI Projects\AI-KB-Chat\backend\ai-chat\target\test-classes;C:\Users\durga\OneDrive\Documents\AI Projects\AI-KB-Chat\backend\ai-chat\target\classes;C:\Users\durga\.m2\repository\org\springframework\boot\spring-boot-starter-web\3.3.3\spring-boot-starter-web-3.3.3.jar;C:\Users\durga\.m2\repository\org\springframework\boot\spring-boot-starter-json\3.3.3\spring-boot-starter-json-3.3.3.jar;C:\Users\durga\.m2\repository\com\fasterxml\jackson\datatype\jackson-datatype-jdk8\2.17.2\jackson-datatype-jdk8-2.17.2.jar;C:\Users\durga\.m2\repository\com\fasterxml\jackson\datatype\jackson-datatype-jsr310\2.17.2\jackson-datatype-jsr310-2.17.2.jar;C:\Users\durga\.m2\repository\com\fasterxml\jackson\module\jackson-module-parameter-names\2.17.2\jackson-module-parameter-names-2.17.2.jar;C:\Users\durga\.m2\repository\org\springframework\boot\spring-boot-starter-tomcat\3.3.3\spring-boot-starter-tomcat-3.3.3.jar;C:\Users\durga\.m2\repository\org\apache\tomcat\embed\tomcat-embed-core\10.1.28\tomcat-embed-core-10.1.28.jar;C:\Users\durga\.m2\repository\org\apache\tomcat\embed\tomcat-embed-websocket\10.1.28\tomcat-embed-websocket-10.1.28.jar;C:\Users\durga\.m2\repository\org\springframework\spring-web\6.1.12\spring-web-6.1.12.jar;C:\Users\durga\.m2\repository\org\springframework\spring-beans\6.1.12\spring-beans-6.1.12.jar;C:\Users\durga\.m2\repository\org\springframework\spring-webmvc\6.1.12\spring-webmvc-6.1.12.jar;C:\Users\durga\.m2\repository\org\springframework\spring-aop\6.1.12\spring-aop-6.1.12.jar;C:\Users\durga\.m2\repository\org\springframework\spring-context\6.1.12\spring-context-6.1.12.jar;C:\Users\durga\.m2\repository\org\springframework\spring-expression\6.1.12\spring-expression-6.1.12.jar;C:\Users\durga\.m2\repository\software\amazon\awssdk\bedrockagentruntime\2.29.50\bedrockagentruntime-2.29.50.jar;C:\Users\durga\.m2\repository\software\amazon\awssdk\protocol-core\2.29.50\protocol-core-2.29.50.jar;C:\Users\durga\.m2\repository\software\amazon\awssdk\aws-json-protocol\2.29.50\aws-json-protocol-2.29.50.jar;C:\Users\durga\.m2\repository\software\amazon\awssdk\third-party-jackson-core\2.29.50\third-party-jackson-core-2.29.50.jar;C:\Users\durga\.m2\repository\software\amazon\awssdk\http-auth-aws\2.29.50\http-auth-aws-2.29.50.jar;C:\Users\durga\.m2\repository\software\amazon\awssdk\checksums-spi\2.29.50\checksums-spi-2.29.50.jar;C:\Users\durga\.m2\repository\software\amazon\awssdk\checksums\2.29.50\checksums-2.29.50.jar;C:\Users\durga\.m2\repository\software\amazon\awssdk\sdk-core\2.29.50\sdk-core-2.29.50.jar;C:\Users\durga\.m2\repository\software\amazon\awssdk\retries\2.29.50\retries-2.29.50.jar;C:\Users\durga\.m2\repository\org\reactivestreams\reactive-streams\1.0.4\reactive-streams-1.0.4.jar;C:\Users\durga\.m2\repository\software\amazon\awssdk\auth\2.29.50\auth-2.29.50.jar;C:\Users\durga\.m2\repository\software\amazon\awssdk\http-auth-aws-eventstream\2.29.50\http-auth-aws-eventstream-2.29.50.jar;C:\Users\durga\.m2\repository\software\amazon\eventstream\eventstream\1.0.1\eventstream-1.0.1.jar;C:\Users\durga\.m2\repository\software\amazon\awssdk\http-auth-spi\2.29.50\http-auth-spi-2.29.50.jar;C:\Users\durga\.m2\repository\software\amazon\awssdk\http-auth\2.29.50\http-auth-2.29.50.jar;C:\Users\durga\.m2\repository\software\amazon\awssdk\identity-spi\2.29.50\identity-spi-2.29.50.jar;C:\Users\durga\.m2\repository\software\amazon\awssdk\http-client-spi\2.29.50\http-client-spi-2.29.50.jar;C:\Users\durga\.m2\repository\software\amazon\awssdk\regions\2.29.50\regions-2.29.50.jar;C:\Users\durga\.m2\repository\software\amazon\awssdk\annotations\2.29.50\annotations-2.29.50.jar;C:\Users\durga\.m2\repository\software\amazon\awssdk\utils\2.29.50\utils-2.29.50.jar;C:\Users\durga\.m2\repository\software\amazon\awssdk\aws-core\2.29.50\aws-core-2.29.50.jar;C:\Users\durga\.m2\repository\software\amazon\awssdk\metrics-spi\2.29.50\metrics-spi-2.29.50.jar;C:\Users\durga\.m2\repository\software\amazon\awssdk\json-utils\2.29.50\json-utils-2.29.50.jar;C:\Users\durga\.m2\repository\software\amazon\awssdk\endpoints-spi\2.29.50\endpoints-spi-2.29.50.jar;C:\Users\durga\.m2\repository\software\amazon\awssdk\retries-spi\2.29.50\retries-spi-2.29.50.jar;C:\Users\durga\.m2\repository\software\amazon\awssdk\apache-client\2.29.50\apache-client-2.29.50.jar;C:\Users\durga\.m2\repository\org\apache\httpcomponents\httpclient\4.5.13\httpclient-4.5.13.jar;C:\Users\durga\.m2\repository\commons-logging\commons-logging\1.2\commons-logging-1.2.jar;C:\Users\durga\.m2\repository\org\apache\httpcomponents\httpcore\4.4.16\httpcore-4.4.16.jar;C:\Users\durga\.m2\repository\commons-codec\commons-codec\1.16.1\commons-codec-1.16.1.jar;C:\Users\durga\.m2\repository\software\amazon\awssdk\netty-nio-client\2.29.50\netty-nio-client-2.29.50.jar;C:\Users\durga\.m2\repository\io\netty\netty-codec-http\4.1.112.Final\netty-codec-http-4.1.112.Final.jar;C:\Users\durga\.m2\repository\io\netty\netty-codec-http2\4.1.112.Final\netty-codec-http2-4.1.112.Final.jar;C:\Users\durga\.m2\repository\io\netty\netty-codec\4.1.112.Final\netty-codec-4.1.112.Final.jar;C:\Users\durga\.m2\repository\io\netty\netty-transport\4.1.112.Final\netty-transport-4.1.112.Final.jar;C:\Users\durga\.m2\repository\io\netty\netty-common\4.1.112.Final\netty-common-4.1.112.Final.jar;C:\Users\durga\.m2\repository\io\netty\netty-buffer\4.1.112.Final\netty-buffer-4.1.112.Final.jar;C:\Users\durga\.m2\repository\io\netty\netty-handler\4.1.112.Final\netty-handler-4.1.112.Final.jar;C:\Users\durga\.m2\repository\io\netty\netty-transport-native-unix-common\4.1.112.Final\netty-transport-native-unix-common-4.1.112.Final.jar;C:\Users\durga\.m2\repository\io\netty\netty-transport-classes-epoll\4.1.112.Final\netty-transport-classes-epoll-4.1.112.Final.jar;C:\Users\durga\.m2\repository\io\netty\netty-resolver\4.1.112.Final\netty-resolver-4.1.112.Final.jar;C:\Users\durga\.m2\repository\software\amazon\awssdk\sts\2.29.50\sts-2.29.50.jar;C:\Users\durga\.m2\repository\software\amazon\awssdk\aws-query-protocol\2.29.50\aws-query-protocol-2.29.50.jar;C:\Users\durga\.m2\repository\software\amazon\awssdk\profiles\2.29.50\profiles-2.29.50.jar;C:\Users\durga\.m2\repository\org\projectlombok\lombok\1.18.34\lombok-1.18.34.jar;C:\Users\durga\.m2\repository\com\fasterxml\jackson\core\jackson-databind\2.17.2\jackson-databind-2.17.2.jar;C:\Users\durga\.m2\repository\com\fasterxml\jackson\core\jackson-annotations\2.17.2\jackson-annotations-2.17.2.jar;C:\Users\durga\.m2\repository\com\fasterxml\jackson\core\jackson-core\2.17.2\jackson-core-2.17.2.jar;C:\Users\durga\.m2\repository\org\springframework\boot\spring-boot-starter-validation\3.3.3\spring-boot-starter-validation-3.3.3.jar;C:\Users\durga\.m2\repository\org\apache\tomcat\embed\tomcat-embed-el\10.1.28\tomcat-embed-el-10.1.28.jar;C:\Users\durga\.m2\repository\org\hibernate\validator\hibernate-validator\8.0.1.Final\hibernate-validator-8.0.1.Final.jar;C:\Users\durga\.m2\repository\jakarta\validation\jakarta.validation-api\3.0.2\jakarta.validation-api-3.0.2.jar;C:\Users\durga\.m2\repository\org\jboss\logging\jboss-logging\3.5.3.Final\jboss-logging-3.5.3.Final.jar;C:\Users\durga\.m2\repository\com\fasterxml\classmate\1.7.0\classmate-1.7.0.jar;C:\Users\durga\.m2\repository\org\springframework\boot\spring-boot-starter-actuator\3.3.3\spring-boot-starter-actuator-3.3.3.jar;C:\Users\durga\.m2\repository\org\springframework\boot\spring-boot-actuator-autoconfigure\3.3.3\spring-boot-actuator-autoconfigure-3.3.3.jar;C:\Users\durga\.m2\repository\org\springframework\boot\spring-boot-actuator\3.3.3\spring-boot-actuator-3.3.3.jar;C:\Users\durga\.m2\repository\io\micrometer\micrometer-observation\1.13.3\micrometer-observation-1.13.3.jar;C:\Users\durga\.m2\repository\io\micrometer\micrometer-commons\1.13.3\micrometer-commons-1.13.3.jar;C:\Users\durga\.m2\repository\io\micrometer\micrometer-jakarta9\1.13.3\micrometer-jakarta9-1.13.3.jar;C:\Users\durga\.m2\repository\io\micrometer\micrometer-core\1.13.3\micrometer-core-1.13.3.jar;C:\Users\durga\.m2\repository\org\hdrhistogram\HdrHistogram\2.2.2\HdrHistogram-2.2.2.jar;C:\Users\durga\.m2\repository\org\latencyutils\LatencyUtils\2.0.3\LatencyUtils-2.0.3.jar;C:\Users\durga\.m2\repository\org\springframework\boot\spring-boot-starter\3.3.3\spring-boot-starter-3.3.3.jar;C:\Users\durga\.m2\repository\org\springframework\boot\spring-boot\3.3.3\spring-boot-3.3.3.jar;C:\Users\durga\.m2\repository\org\springframework\boot\spring-boot-autoconfigure\3.3.3\spring-boot-autoconfigure-3.3.3.jar;C:\Users\durga\.m2\repository\org\springframework\boot\spring-boot-starter-logging\3.3.3\spring-boot-starter-logging-3.3.3.jar;C:\Users\durga\.m2\repository\ch\qos\logback\logback-classic\1.5.7\logback-classic-1.5.7.jar;C:\Users\durga\.m2\repository\ch\qos\logback\logback-core\1.5.7\logback-core-1.5.7.jar;C:\Users\durga\.m2\repository\org\apache\logging\log4j\log4j-to-slf4j\2.23.1\log4j-to-slf4j-2.23.1.jar;C:\Users\durga\.m2\repository\org\apache\logging\log4j\log4j-api\2.23.1\log4j-api-2.23.1.jar;C:\Users\durga\.m2\repository\org\slf4j\jul-to-slf4j\2.0.16\jul-to-slf4j-2.0.16.jar;C:\Users\durga\.m2\repository\jakarta\annotation\jakarta.annotation-api\2.1.1\jakarta.annotation-api-2.1.1.jar;C:\Users\durga\.m2\repository\org\springframework\spring-core\6.1.12\spring-core-6.1.12.jar;C:\Users\durga\.m2\repository\org\springframework\spring-jcl\6.1.12\spring-jcl-6.1.12.jar;C:\Users\durga\.m2\repository\org\yaml\snakeyaml\2.2\snakeyaml-2.2.jar;C:\Users\durga\.m2\repository\org\springframework\boot\spring-boot-starter-test\3.3.3\spring-boot-starter-test-3.3.3.jar;C:\Users\durga\.m2\repository\org\springframework\boot\spring-boot-test\3.3.3\spring-boot-test-3.3.3.jar;C:\Users\durga\.m2\repository\org\springframework\boot\spring-boot-test-autoconfigure\3.3.3\spring-boot-test-autoconfigure-3.3.3.jar;C:\Users\durga\.m2\repository\com\jayway\jsonpath\json-path\2.9.0\json-path-2.9.0.jar;C:\Users\durga\.m2\repository\jakarta\xml\bind\jakarta.xml.bind-api\4.0.2\jakarta.xml.bind-api-4.0.2.jar;C:\Users\durga\.m2\repository\jakarta\activation\jakarta.activation-api\2.1.3\jakarta.activation-api-2.1.3.jar;C:\Users\durga\.m2\repository\net\minidev\json-smart\2.5.1\json-smart-2.5.1.jar;C:\Users\durga\.m2\repository\net\minidev\accessors-smart\2.5.1\accessors-smart-2.5.1.jar;C:\Users\durga\.m2\repository\org\ow2\asm\asm\9.6\asm-9.6.jar;C:\Users\durga\.m2\repository\org\assertj\assertj-core\3.25.3\assertj-core-3.25.3.jar;C:\Users\durga\.m2\repository\net\bytebuddy\byte-buddy\1.14.19\byte-buddy-1.14.19.jar;C:\Users\durga\.m2\repository\org\awaitility\awaitility\4.2.2\awaitility-4.2.2.jar;C:\Users\durga\.m2\repository\org\hamcrest\hamcrest\2.2\hamcrest-2.2.jar;C:\Users\durga\.m2\repository\org\junit\jupiter\junit-jupiter\5.10.3\junit-jupiter-5.10.3.jar;C:\Users\durga\.m2\repository\org\junit\jupiter\junit-jupiter-api\5.10.3\junit-jupiter-api-5.10.3.jar;C:\Users\durga\.m2\repository\org\opentest4j\opentest4j\1.3.0\opentest4j-1.3.0.jar;C:\Users\durga\.m2\repository\org\junit\platform\junit-platform-commons\1.10.3\junit-platform-commons-1.10.3.jar;C:\Users\durga\.m2\repository\org\apiguardian\apiguardian-api\1.1.2\apiguardian-api-1.1.2.jar;C:\Users\durga\.m2\repository\org\junit\jupiter\junit-jupiter-params\5.10.3\junit-jupiter-params-5.10.3.jar;C:\Users\durga\.m2\repository\org\junit\jupiter\junit-jupiter-engine\5.10.3\junit-jupiter-engine-5.10.3.jar;C:\Users\durga\.m2\repository\org\junit\platform\junit-platform-engine\1.10.3\junit-platform-engine-1.10.3.jar;C:\Users\durga\.m2\repository\org\mockito\mockito-core\5.11.0\mockito-core-5.11.0.jar;C:\Users\durga\.m2\repository\net\bytebuddy\byte-buddy-agent\1.14.19\byte-buddy-agent-1.14.19.jar;C:\Users\durga\.m2\repository\org\objenesis\objenesis\3.3\objenesis-3.3.jar;C:\Users\durga\.m2\repository\org\mockito\mockito-junit-jupiter\5.11.0\mockito-junit-jupiter-5.11.0.jar;C:\Users\durga\.m2\repository\org\skyscreamer\jsonassert\1.5.3\jsonassert-1.5.3.jar;C:\Users\durga\.m2\repository\com\vaadin\external\google\android-json\0.0.20131108.vaadin1\android-json-0.0.20131108.vaadin1.jar;C:\Users\durga\.m2\repository\org\springframework\spring-test\6.1.12\spring-test-6.1.12.jar;C:\Users\durga\.m2\repository\org\xmlunit\xmlunit-core\2.9.1\xmlunit-core-2.9.1.jar;C:\Users\durga\.m2\repository\com\amazonaws\serverless\aws-serverless-java-container-springboot3\2.0.2\aws-serverless-java-container-springboot3-2.0.2.jar;C:\Users\durga\.m2\repository\org\springframework\cloud\spring-cloud-function-serverless-web\4.1.2\spring-cloud-function-serverless-web-4.1.2.jar;C:\Users\durga\.m2\repository\com\amazonaws\serverless\aws-serverless-java-container-core\2.0.2\aws-serverless-java-container-core-2.0.2.jar;C:\Users\durga\.m2\repository\com\amazonaws\aws-lambda-java-core\1.2.3\aws-lambda-java-core-1.2.3.jar;C:\Users\durga\.m2\repository\jakarta\servlet\jakarta.servlet-api\6.0.0\jakarta.servlet-api-6.0.0.jar;C:\Users\durga\.m2\repository\jakarta\ws\rs\jakarta.ws.rs-api\3.1.0\jakarta.ws.rs-api-3.1.0.jar;C:\Users\durga\.m2\repository\com\fasterxml\jackson\module\jackson-module-afterburner\2.17.2\jackson-module-afterburner-2.17.2.jar;C:\Users\durga\.m2\repository\org\apache\commons\commons-fileupload2-jakarta-servlet6\2.0.0-M2\commons-fileupload2-jakarta-servlet6-2.0.0-M2.jar;C:\Users\durga\.m2\repository\org\apache\commons\commons-fileupload2-core\2.0.0-M2\commons-fileupload2-core-2.0.0-M2.jar;C:\Users\durga\.m2\repository\commons-io\commons-io\2.15.1\commons-io-2.15.1.jar;C:\Users\durga\.m2\repository\org\slf4j\slf4j-api\2.0.16\slf4j-api-2.0.16.jar;"/>
    <property name="java.vm.vendor" value="Oracle Corporation"/>
    <property name="sun.arch.data.model" value="64"/>
    <property name="user.variant" value=""/>
    <property name="java.vendor.url" value="https://java.oracle.com/"/>
    <property name="user.timezone" value="America/Chicago"/>
    <property name="org.jboss.logging.provider" value="slf4j"/>
    <property name="os.name" value="Windows 11"/>
    <property name="java.vm.specification.version" value="17"/>
    <property name="sun.java.launcher" value="SUN_STANDARD"/>
    <property name="user.country" value="US"/>
    <property name="sun.boot.library.path" value="C:\Program Files\Java\jdk-17.0.5\bin"/>
    <property name="sun.java.command" value="C:\Users\durga\AppData\Local\Temp\surefire12800873283738026146\surefirebooter-20251014203456068_3.jar C:\Users\durga\AppData\Local\Temp\surefire12800873283738026146 2025-10-14T20-34-55_857-jvmRun1 surefire-20251014203456068_1tmp surefire_0-20251014203456068_2tmp"/>
    <property name="jdk.debug" value="release"/>
    <property name="surefire.test.class.path" value="C:\Users\durga\OneDrive\Documents\AI Projects\AI-KB-Chat\backend\ai-chat\target\test-classes;C:\Users\durga\OneDrive\Documents\AI Projects\AI-KB-Chat\backend\ai-chat\target\classes;C:\Users\durga\.m2\repository\org\springframework\boot\spring-boot-starter-web\3.3.3\spring-boot-starter-web-3.3.3.jar;C:\Users\durga\.m2\repository\org\springframework\boot\spring-boot-starter-json\3.3.3\spring-boot-starter-json-3.3.3.jar;C:\Users\durga\.m2\repository\com\fasterxml\jackson\datatype\jackson-datatype-jdk8\2.17.2\jackson-datatype-jdk8-2.17.2.jar;C:\Users\durga\.m2\repository\com\fasterxml\jackson\datatype\jackson-datatype-jsr310\2.17.2\jackson-datatype-jsr310-2.17.2.jar;C:\Users\durga\.m2\repository\com\fasterxml\jackson\module\jackson-module-parameter-names\2.17.2\jackson-module-parameter-names-2.17.2.jar;C:\Users\durga\.m2\repository\org\springframework\boot\spring-boot-starter-tomcat\3.3.3\spring-boot-starter-tomcat-3.3.3.jar;C:\Users\durga\.m2\repository\org\apache\tomcat\embed\tomcat-embed-core\10.1.28\tomcat-embed-core-10.1.28.jar;C:\Users\durga\.m2\repository\org\apache\tomcat\embed\tomcat-embed-websocket\10.1.28\tomcat-embed-websocket-10.1.28.jar;C:\Users\durga\.m2\repository\org\springframework\spring-web\6.1.12\spring-web-6.1.12.jar;C:\Users\durga\.m2\repository\org\springframework\spring-beans\6.1.12\spring-beans-6.1.12.jar;C:\Users\durga\.m2\repository\org\springframework\spring-webmvc\6.1.12\spring-webmvc-6.1.12.jar;C:\Users\durga\.m2\repository\org\springframework\spring-aop\6.1.12\spring-aop-6.1.12.jar;C:\Users\durga\.m2\repository\org\springframework\spring-context\6.1.12\spring-context-6.1.12.jar;C:\Users\durga\.m2\repository\org\springframework\spring-expression\6.1.12\spring-expression-6.1.12.jar;C:\Users\durga\.m2\repository\software\amazon\awssdk\bedrockagentruntime\2.29.50\bedrockagentruntime-2.29.50.jar;C:\Users\durga\.m2\repository\software\amazon\awssdk\protocol-core\2.29.50\protocol-core-2.29.50.jar;C:\Users\durga\.m2\repository\software\amazon\awssdk\aws-json-protocol\2.29.50\aws-json-protocol-2.29.50.jar;C:\Users\durga\.m2\repository\software\amazon\awssdk\third-party-jackson-core\2.29.50\third-party-jackson-core-2.29.50.jar;C:\Users\durga\.m2\repository\software\amazon\awssdk\http-auth-aws\2.29.50\http-auth-aws-2.29.50.jar;C:\Users\durga\.m2\repository\software\amazon\awssdk\checksums-spi\2.29.50\checksums-spi-2.29.50.jar;C:\Users\durga\.m2\repository\software\amazon\awssdk\checksums\2.29.50\checksums-2.29.50.jar;C:\Users\durga\.m2\repository\software\amazon\awssdk\sdk-core\2.29.50\sdk-core-2.29.50.jar;C:\Users\durga\.m2\repository\software\amazon\awssdk\retries\2.29.50\retries-2.29.50.jar;C:\Users\durga\.m2\repository\org\reactivestreams\reactive-streams\1.0.4\reactive-streams-1.0.4.jar;C:\Users\durga\.m2\repository\software\amazon\awssdk\auth\2.29.50\auth-2.29.50.jar;C:\Users\durga\.m2\repository\software\amazon\awssdk\http-auth-aws-eventstream\2.29.50\http-auth-aws-eventstream-2.29.50.jar;C:\Users\durga\.m2\repository\software\amazon\eventstream\eventstream\1.0.1\eventstream-1.0.1.jar;C:\Users\durga\.m2\repository\software\amazon\awssdk\http-auth-spi\2.29.50\http-auth-spi-2.29.50.jar;C:\Users\durga\.m2\repository\software\amazon\awssdk\http-auth\2.29.50\http-auth-2.29.50.jar;C:\Users\durga\.m2\repository\software\amazon\awssdk\identity-spi\2.29.50\identity-spi-2.29.50.jar;C:\Users\durga\.m2\repository\software\amazon\awssdk\http-client-spi\2.29.50\http-client-spi-2.29.50.jar;C:\Users\durga\.m2\repository\software\amazon\awssdk\regions\2.29.50\regions-2.29.50.jar;C:\Users\durga\.m2\repository\software\amazon\awssdk\annotations\2.29.50\annotations-2.29.50.jar;C:\Users\durga\.m2\repository\software\amazon\awssdk\utils\2.29.50\utils-2.29.50.jar;C:\Users\durga\.m2\repository\software\amazon\awssdk\aws-core\2.29.50\aws-core-2.29.50.jar;C:\Users\durga\.m2\repository\software\amazon\awssdk\metrics-spi\2.29.50\metrics-spi-2.29.50.jar;C:\Users\durga\.m2\repository\software\amazon\awssdk\json-utils\2.29.50\json-utils-2.29.50.jar;C:\Users\durga\.m2\repository\software\amazon\awssdk\endpoints-spi\2.29.50\endpoints-spi-2.29.50.jar;C:\Users\durga\.m2\repository\software\amazon\awssdk\retries-spi\2.29.50\retries-spi-2.29.50.jar;C:\Users\durga\.m2\repository\software\amazon\awssdk\apache-client\2.29.50\apache-client-2.29.50.jar;C:\Users\durga\.m2\repository\org\apache\httpcomponents\httpclient\4.5.13\httpclient-4.5.13.jar;C:\Users\durga\.m2\repository\commons-logging\commons-logging\1.2\commons-logging-1.2.jar;C:\Users\durga\.m2\repository\org\apache\httpcomponents\httpcore\4.4.16\httpcore-4.4.16.jar;C:\Users\durga\.m2\repository\commons-codec\commons-codec\1.16.1\commons-codec-1.16.1.jar;C:\Users\durga\.m2\repository\software\amazon\awssdk\netty-nio-client\2.29.50\netty-nio-client-2.29.50.jar;C:\Users\durga\.m2\repository\io\netty\netty-codec-http\4.1.112.Final\netty-codec-http-4.1.112.Final.jar;C:\Users\durga\.m2\repository\io\netty\netty-codec-http2\4.1.112.Final\netty-codec-http2-4.1.112.Final.jar;C:\Users\durga\.m2\repository\io\netty\netty-codec\4.1.112.Final\netty-codec-4.1.112.Final.jar;C:\Users\durga\.m2\repository\io\netty\netty-transport\4.1.112.Final\netty-transport-4.1.112.Final.jar;C:\Users\durga\.m2\repository\io\netty\netty-common\4.1.112.Final\netty-common-4.1.112.Final.jar;C:\Users\durga\.m2\repository\io\netty\netty-buffer\4.1.112.Final\netty-buffer-4.1.112.Final.jar;C:\Users\durga\.m2\repository\io\netty\netty-handler\4.1.112.Final\netty-handler-4.1.112.Final.jar;C:\Users\durga\.m2\repository\io\netty\netty-transport-native-unix-common\4.1.112.Final\netty-transport-native-unix-common-4.1.112.Final.jar;C:\Users\durga\.m2\repository\io\netty\netty-transport-classes-epoll\4.1.112.Final\netty-transport-classes-epoll-4.1.112.Final.jar;C:\Users\durga\.m2\repository\io\netty\netty-resolver\4.1.112.Final\netty-resolver-4.1.112.Final.jar;C:\Users\durga\.m2\repository\software\amazon\awssdk\sts\2.29.50\sts-2.29.50.jar;C:\Users\durga\.m2\repository\software\amazon\awssdk\aws-query-protocol\2.29.50\aws-query-protocol-2.29.50.jar;C:\Users\durga\.m2\repository\software\amazon\awssdk\profiles\2.29.50\profiles-2.29.50.jar;C:\Users\durga\.m2\repository\org\projectlombok\lombok\1.18.34\lombok-1.18.34.jar;C:\Users\durga\.m2\repository\com\fasterxml\jackson\core\jackson-databind\2.17.2\jackson-databind-2.17.2.jar;C:\Users\durga\.m2\repository\com\fasterxml\jackson\core\jackson-annotations\2.17.2\jackson-annotations-2.17.2.jar;C:\Users\durga\.m2\repository\com\fasterxml\jackson\core\jackson-core\2.17.2\jackson-core-2.17.2.jar;C:\Users\durga\.m2\repository\org\springframework\boot\spring-boot-starter-validation\3.3.3\spring-boot-starter-validation-3.3.3.jar;C:\Users\durga\.m2\repository\org\apache\tomcat\embed\tomcat-embed-el\10.1.28\tomcat-embed-el-10.1.28.jar;C:\Users\durga\.m2\repository\org\hibernate\validator\hibernate-validator\8.0.1.Final\hibernate-validator-8.0.1.Final.jar;C:\Users\durga\.m2\repository\jakarta\validation\jakarta.validation-api\3.0.2\jakarta.validation-api-3.0.2.jar;C:\Users\durga\.m2\repository\org\jboss\logging\jboss-logging\3.5.3.Final\jboss-logging-3.5.3.Final.jar;C:\Users\durga\.m2\repository\com\fasterxml\classmate\1.7.0\classmate-1.7.0.jar;C:\Users\durga\.m2\repository\org\springframework\boot\spring-boot-starter-actuator\3.3.3\spring-boot-starter-actuator-3.3.3.jar;C:\Users\durga\.m2\repository\org\springframework\boot\spring-boot-actuator-autoconfigure\3.3.3\spring-boot-actuator-autoconfigure-3.3.3.jar;C:\Users\durga\.m2\repository\org\springframework\boot\spring-boot-actuator\3.3.3\spring-boot-actuator-3.3.3.jar;C:\Users\durga\.m2\repository\io\micrometer\micrometer-observation\1.13.3\micrometer-observation-1.13.3.jar;C:\Users\durga\.m2\repository\io\micrometer\micrometer-commons\1.13.3\micrometer-commons-1.13.3.jar;C:\Users\durga\.m2\repository\io\micrometer\micrometer-jakarta9\1.13.3\micrometer-jakarta9-1.13.3.jar;C:\Users\durga\.m2\repository\io\micrometer\micrometer-core\1.13.3\micrometer-core-1.13.3.jar;C:\Users\durga\.m2\repository\org\hdrhistogram\HdrHistogram\2.2.2\HdrHistogram-2.2.2.jar;C:\Users\durga\.m2\repository\org\latencyutils\LatencyUtils\2.0.3\LatencyUtils-2.0.3.jar;C:\Users\durga\.m2\repository\org\springframework\boot\spring-boot-starter\3.3.3\spring-boot-starter-3.3.3.jar;C:\Users\durga\.m2\repository\org\springframework\boot\spring-boot\3.3.3\spring-boot-3.3.3.jar;C:\Users\durga\.m2\repository\org\springframework\boot\spring-boot-autoconfigure\3.3.3\spring-boot-autoconfigure-3.3.3.jar;C:\Users\durga\.m2\repository\org\springframework\boot\spring-boot-starter-logging\3.3.3\spring-boot-starter-logging-3.3.3.jar;C:\Users\durga\.m2\repository\ch\qos\logback\logback-classic\1.5.7\logback-classic-1.5.7.jar;C:\Users\durga\.m2\repository\ch\qos\logback\logback-core\1.5.7\logback-core-1.5.7.jar;C:\Users\durga\.m2\repository\org\apache\logging\log4j\log4j-to-slf4j\2.23.1\log4j-to-slf4j-2.23.1.jar;C:\Users\durga\.m2\repository\org\apache\logging\log4j\log4j-api\2.23.1\log4j-api-2.23.1.jar;C:\Users\durga\.m2\repository\org\slf4j\jul-to-slf4j\2.0.16\jul-to-slf4j-2.0.16.jar;C:\Users\durga\.m2\repository\jakarta\annotation\jakarta.annotation-api\2.1.1\jakarta.annotation-api-2.1.1.jar;C:\Users\durga\.m2\repository\org\springframework\spring-core\6.1.12\spring-core-6.1.12.jar;C:\Users\durga\.m2\repository\org\springframework\spring-jcl\6.1.12\spring-jcl-6.1.12.jar;C:\Users\durga\.m2\repository\org\yaml\snakeyaml\2.2\snakeyaml-2.2.jar;C:\Users\durga\.m2\repository\org\springframework\boot\spring-boot-starter-test\3.3.3\spring-boot-starter-test-3.3.3.jar;C:\Users\durga\.m2\repository\org\springframework\boot\spring-boot-test\3.3.3\spring-boot-test-3.3.3.jar;C:\Users\durga\.m2\repository\org\springframework\boot\spring-boot-test-autoconfigure\3.3.3\spring-boot-test-autoconfigure-3.3.3.jar;C:\Users\durga\.m2\repository\com\jayway\jsonpath\json-path\2.9.0\json-path-2.9.0.jar;C:\Users\durga\.m2\repository\jakarta\xml\bind\jakarta.xml.bind-api\4.0.2\jakarta.xml.bind-api-4.0.2.jar;C:\Users\durga\.m2\repository\jakarta\activation\jakarta.activation-api\2.1.3\jakarta.activation-api-2.1.3.jar;C:\Users\durga\.m2\repository\net\minidev\json-smart\2.5.1\json-smart-2.5.1.jar;C:\Users\durga\.m2\repository\net\minidev\accessors-smart\2.5.1\accessors-smart-2.5.1.jar;C:\Users\durga\.m2\repository\org\ow2\asm\asm\9.6\asm-9.6.jar;C:\Users\durga\.m2\repository\org\assertj\assertj-core\3.25.3\assertj-core-3.25.3.jar;C:\Users\durga\.m2\repository\net\bytebuddy\byte-buddy\1.14.19\byte-buddy-1.14.19.jar;C:\Users\durga\.m2\repository\org\awaitility\awaitility\4.2.2\awaitility-4.2.2.jar;C:\Users\durga\.m2\repository\org\hamcrest\hamcrest\2.2\hamcrest-2.2.jar;C:\Users\durga\.m2\repository\org\junit\jupiter\junit-jupiter\5.10.3\junit-jupiter-5.10.3.jar;C:\Users\durga\.m2\repository\org\junit\jupiter\junit-jupiter-api\5.10.3\junit-jupiter-api-5.10.3.jar;C:\Users\durga\.m2\repository\org\opentest4j\opentest4j\1.3.0\opentest4j-1.3.0.jar;C:\Users\durga\.m2\repository\org\junit\platform\junit-platform-commons\1.10.3\junit-platform-commons-1.10.3.jar;C:\Users\durga\.m2\repository\org\apiguardian\apiguardian-api\1.1.2\apiguardian-api-1.1.2.jar;C:\Users\durga\.m2\repository\org\junit\jupiter\junit-jupiter-params\5.10.3\junit-jupiter-params-5.10.3.jar;C:\Users\durga\.m2\repository\org\junit\jupiter\junit-jupiter-engine\5.10.3\junit-jupiter-engine-5.10.3.jar;C:\Users\durga\.m2\repository\org\junit\platform\junit-platform-engine\1.10.3\junit-platform-engine-1.10.3.jar;C:\Users\durga\.m2\repository\org\mockito\mockito-core\5.11.0\mockito-core-5.11.0.jar;C:\Users\durga\.m2\repository\net\bytebuddy\byte-buddy-agent\1.14.19\byte-buddy-agent-1.14.19.jar;C:\Users\durga\.m2\repository\org\objenesis\objenesis\3.3\objenesis-3.3.jar;C:\Users\durga\.m2\repository\org\mockito\mockito-junit-jupiter\5.11.0\mockito-junit-jupiter-5.11.0.jar;C:\Users\durga\.m2\repository\org\skyscreamer\jsonassert\1.5.3\jsonassert-1.5.3.jar;C:\Users\durga\.m2\repository\com\vaadin\external\google\android-json\0.0.20131108.vaadin1\android-json-0.0.20131108.vaadin1.jar;C:\Users\durga\.m2\repository\org\springframework\spring-test\6.1.12\spring-test-6.1.12.jar;C:\Users\durga\.m2\repository\org\xmlunit\xmlunit-core\2.9.1\xmlunit-core-2.9.1.jar;C:\Users\durga\.m2\repository\com\amazonaws\serverless\aws-serverless-java-container-springboot3\2.0.2\aws-serverless-java-container-springboot3-2.0.2.jar;C:\Users\durga\.m2\repository\org\springframework\cloud\spring-cloud-function-serverless-web\4.1.2\spring-cloud-function-serverless-web-4.1.2.jar;C:\Users\durga\.m2\repository\com\amazonaws\serverless\aws-serverless-java-container-core\2.0.2\aws-serverless-java-container-core-2.0.2.jar;C:\Users\durga\.m2\repository\com\amazonaws\aws-lambda-java-core\1.2.3\aws-lambda-java-core-1.2.3.jar;C:\Users\durga\.m2\repository\jakarta\servlet\jakarta.servlet-api\6.0.0\jakarta.servlet-api-6.0.0.jar;C:\Users\durga\.m2\repository\jakarta\ws\rs\jakarta.ws.rs-api\3.1.0\jakarta.ws.rs-api-3.1.0.jar;C:\Users\durga\.m2\repository\com\fasterxml\jackson\module\jackson-module-afterburner\2.17.2\jackson-module-afterburner-2.17.2.jar;C:\Users\durga\.m2\repository\org\apache\commons\commons-fileupload2-jakarta-servlet6\2.0.0-M2\commons-fileupload2-jakarta-servlet6-2.0.0-M2.jar;C:\Users\durga\.m2\repository\org\apache\commons\commons-fileupload2-core\2.0.0-M2\commons-fileupload2-core-2.0.0-M2.jar;C:\Users\durga\.m2\repository\commons-io\commons-io\2.15.1\commons-io-2.15.1.jar;C:\Users\durga\.m2\repository\org\slf4j\slf4j-api\2.0.16\slf4j-api-2.0.16.jar;"/>
    <property name="sun.cpu.endian" value="little"/>
    <property name="user.home" value="C:\Users\durga"/>
    <property name="user.language" value="en"/>
    <property name="java.specification.vendor" value="Oracle Corporation"/>
    <property name="java.version.date" value="2022-10-18"/>
    <property name="java.home" value="C:\Program Files\Java\jdk-17.0.5"/>
    <property name="file.separator" value="\"/>
    <property name="basedir" value="C:\Users\durga\OneDrive\Documents\AI Projects\AI-KB-Chat\backend\ai-chat"/>
    <property name="java.vm.compressedOopsMode" value="Zero based"/>
    <property name="line.separator" value="&#10;"/>
    <property name="java.vm.specification.vendor" value="Oracle Corporation"/>
    <property name="java.specification.name" value="Java Platform API Specification"/>
    <property name="FILE_LOG_CHARSET" value="windows-1252"/>
    <property name="java.awt.headless" value="true"/>
    <property name="surefire.real.class.path" value="C:\Users\durga\AppData\Local\Temp\surefire12800873283738026146\surefirebooter-20251014203456068_3.jar"/>
    <property name="user.script" value=""/>
    <property name="sun.management.compiler" value="HotSpot 64-Bit Tiered Compilers"/>
    <property name="java.runtime.version" value="17.0.5+9-LTS-191"/>
    <property name="user.name" value="durga"/>
    <property name="path.separator" value=";"/>
    <property name="os.version" value="10.0"/>
    <property name="java.runtime.name" value="Java(TM) SE Runtime Environment"/>
    <property name="file.encoding" value="Cp1252"/>
    <property name="java.vm.name" value="Java HotSpot(TM) 64-Bit Server VM"/>
    <property name="localRepository" value="C:\Users\durga\.m2\repository"/>
    <property name="java.vendor.url.bug" value="https://bugreport.java.com/bugreport/"/>
    <property name="java.io.tmpdir" value="C:\Users\durga\AppData\Local\Temp\"/>
    <property name="idea.version" value="2025.1.4.1"/>
    <property name="java.version" value="17.0.5"/>
    <property name="user.dir" value="C:\Users\durga\OneDrive\Documents\AI Projects\AI-KB-Chat\backend\ai-chat"/>
    <property name="os.arch" value="amd64"/>
    <property name="java.vm.specification.name" value="Java Virtual Machine Specification"/>
    <property name="PID" value="14832"/>
    <property name="sun.os.patch.level" value=""/>
    <property name="CONSOLE_LOG_CHARSET" value="windows-1252"/>
    <property name="native.encoding" value="Cp1252"/>
    <property name="java.library.path" value="C:\Program Files\Java\jdk-17.0.5\bin;C:\WINDOWS\Sun\Java\bin;C:\WINDOWS\system32;C:\WINDOWS;C:\Program Files\Common Files\Oracle\Java\javapath;C:\WINDOWS\system32;C:\WINDOWS;C:\WINDOWS\System32\Wbem;C:\WINDOWS\System32\WindowsPowerShell\v1.0\;C:\WINDOWS\System32\OpenSSH\;C:\Program Files\dotnet\;C:\php-8.2.5;C:\Program Files\Git\cmd;C:\Program Files\Amazon\AWSCLIV2\;C:\Program Files\maven-mvnd-1.0.2-windows-amd64\bin;C:\Users\durga\AppData\Local\nvm;C:\nvm4w\nodejs;C:\Users\durga\AppData\Roaming\Programs\Python\Python311;C:\Users\durga\AppData\Roaming\Programs\Python\Python311\Scripts;C:\Program Files\maven-mvnd-1.0.2-windows-amd64\bin;C:\Program Files\Amazon\AWSSAMCLI\bin\;C:\Users\durga\AppData\Local\Programs\Python\Launcher\;C:\Users\durga\AppData\Local\Microsoft\WindowsApps;C:\Program Files\Java\jdk-17.0.5\bin;C:\php-8.2.5;C:\Users\durga\AppData\Local\Programs\Microsoft VS Code\bin;C:\Program Files\JetBrains\IntelliJ IDEA Community Edition 2025.1.4.1\bin;C:\Program Files\PostgreSQL\16\bin;C:\Program Files\PostgreSQL\16\lib;C:\Users\durga\AppData\Roaming\npm;C:\Program Files\maven-mvnd-1.0.2-windows-amd64\bin;C:\Users\durga\AppData\Local\nvm;C:\nvm4w\nodejs;C:\Users\durga\bin;C:\Program Files\maven-mvnd-1.0.3-windows-amd64\bin;;."/>
    <property name="java.vm.info" value="mixed mode, sharing"/>
    <property name="java.vendor" value="Oracle Corporation"/>
    <property name="java.vm.version" value="17.0.5+9-LTS-191"/>
    <property name="sun.io.unicode.encoding" value="UnicodeLittle"/>
    <property name="java.class.version" value="61.0"/>
    <property name="LOGGED_APPLICATION_NAME" value="[ai-chat] "/>
  </properties>
  <testcase name="contextLoads" classname="com.dct.kb.ai_chat.AiChatApplicationTests" time="1.041">
    <system-out><![CDATA[Standard Commons Logging discovery in action with spring-jcl: please remove commons-logging.jar from classpath in order to avoid potential conflicts
20:34:57.068 [main] INFO org.springframework.test.context.support.AnnotationConfigContextLoaderUtils -- Could not detect default configuration classes for test class [com.dct.kb.ai_chat.AiChatApplicationTests]: AiChatApplicationTests does not declare any static, non-private, non-final, nested classes annotated with @Configuration.
20:34:57.197 [main] INFO org.springframework.boot.test.context.SpringBootTestContextBootstrapper -- Found @SpringBootConfiguration com.dct.kb.ai_chat.AiChatApplication for test class com.dct.kb.ai_chat.AiChatApplicationTests

  .   ____          _            __ _ _
 /\\ / ___'_ __ _ _(_)_ __  __ _ \ \ \ \
( ( )\___ | '_ | '_| | '_ \/ _` | \ \ \ \
 \\/  ___)| |_)| | | | | || (_| |  ) ) ) )
  '  |____| .__|_| |_|_| |_\__, | / / / /
 =========|_|==============|___/=/_/_/_/

 :: Spring Boot ::                (v3.3.3)

2025-10-14T20:34:57.840-05:00  INFO 14832 --- [ai-chat] [           main] c.a.s.p.s.AwsSpringWebRuntimeInitializer : AWS Environment: {PATH=C:\Program Files\Common Files\Oracle\Java\javapath;C:\WINDOWS\system32;C:\WINDOWS;C:\WINDOWS\System32\Wbem;C:\WINDOWS\System32\WindowsPowerShell\v1.0\;C:\WINDOWS\System32\OpenSSH\;C:\Program Files\dotnet\;C:\php-8.2.5;C:\Program Files\Git\cmd;C:\Program Files\Amazon\AWSCLIV2\;C:\Program Files\maven-mvnd-1.0.2-windows-amd64\bin;C:\Users\durga\AppData\Local\nvm;C:\nvm4w\nodejs;C:\Users\durga\AppData\Roaming\Programs\Python\Python311;C:\Users\durga\AppData\Roaming\Programs\Python\Python311\Scripts;C:\Program Files\maven-mvnd-1.0.2-windows-amd64\bin;C:\Program Files\Amazon\AWSSAMCLI\bin\;C:\Users\durga\AppData\Local\Programs\Python\Launcher\;C:\Users\durga\AppData\Local\Microsoft\WindowsApps;C:\Program Files\Java\jdk-17.0.5\bin;C:\php-8.2.5;C:\Users\durga\AppData\Local\Programs\Microsoft VS Code\bin;C:\Program Files\JetBrains\IntelliJ IDEA Community Edition 2025.1.4.1\bin;C:\Program Files\PostgreSQL\16\bin;C:\Program Files\PostgreSQL\16\lib;C:\Users\durga\AppData\Roaming\npm;C:\Program Files\maven-mvnd-1.0.2-windows-amd64\bin;C:\Users\durga\AppData\Local\nvm;C:\nvm4w\nodejs;C:\Users\durga\bin;C:\Program Files\maven-mvnd-1.0.3-windows-amd64\bin;, USERDOMAIN_ROAMINGPROFILE=CHARAN, NVM_SYMLINK=C:\nvm4w\nodejs, PROCESSOR_LEVEL=25, SYSTEMDRIVE=C:, M2=C:\Program Files\maven-mvnd-1.0.3-windows-amd64, SESSIONNAME=Console, ALLUSERSPROFILE=C:\ProgramData, PROCESSOR_ARCHITECTURE=AMD64, DRIVERDATA=C:\Windows\System32\Drivers\DriverData, MAVEN_HOME=C:\Users\durga, PROGRAMFILES=C:\Program Files, PSMODULEPATH=C:\Program Files\WindowsPowerShell\Modules;C:\WINDOWS\system32\WindowsPowerShell\v1.0\Modules, PROGRAMDATA=C:\ProgramData, CHOCOLATEYLASTPATHUPDATE=133270361857341842, USERNAME=durga, FPS_BROWSER_USER_PROFILE_STRING=Default, ONEDRIVE=C:\Users\durga\OneDrive, PATHEXT=.COM;.EXE;.BAT;.CMD;.VBS;.VBE;.JS;.JSE;.WSF;.WSH;.MSC, ONEDRIVECONSUMER=C:\Users\durga\OneDrive, WINDIR=C:\WINDOWS, HOMEPATH=\Users\durga, PROCESSOR_IDENTIFIER=AMD64 Family 25 Model 80 Stepping 0, AuthenticAMD, M2_HOME=C:\Program Files\maven-mvnd-1.0.3-windows-amd64, PUBLIC=C:\Users\Public, =::=::\, EFC_10380_1592913036=1, LOCALAPPDATA=C:\Users\durga\AppData\Local, COMMONPROGRAMFILES(X86)=C:\Program Files (x86)\Common Files, USERDOMAIN=CHARAN, FPS_BROWSER_APP_PROFILE_STRING=Internet Explorer, LOGONSERVER=\\CHARAN, PROMPT=$P$G, PROGRAMFILES(X86)=C:\Program Files (x86), =C:=C:\Users\durga\OneDrive\Documents\AI Projects\AI-KB-Chat\backend\ai-chat, APPDATA=C:\Users\durga\AppData\Roaming, PROGRAMW6432=C:\Program Files, SYSTEMROOT=C:\WINDOWS, CHOCOLATEYINSTALL=C:\ProgramData\chocolatey, VBOX_MSI_INSTALL_PATH=C:\Program Files\Oracle\VirtualBox\, OS=Windows_NT, COMMONPROGRAMW6432=C:\Program Files\Common Files, COMPUTERNAME=CHARAN, INTELLIJ IDEA COMMUNITY EDITION=C:\Program Files\JetBrains\IntelliJ IDEA Community Edition 2025.1.4.1\bin;, COMMONPROGRAMFILES=C:\Program Files\Common Files, COMSPEC=C:\WINDOWS\system32\cmd.exe, NVM_HOME=C:\Users\durga\AppData\Local\nvm, PROCESSOR_REVISION=5000, CLASSPATH=C:\Users\durga\Downloads\db-derby-10.15.2.0-bin\db-derby-10.15.2.0-bin\lib\derby.jar;C:\Users\durga\Downloads\db-derby-10.15.2.0-bin\db-derby-10.15.2.0-bin\lib\derbytools.jar, TEMP=C:\Users\durga\AppData\Local\Temp, HOMEDRIVE=C:, USERPROFILE=C:\Users\durga, TMP=C:\Users\durga\AppData\Local\Temp, NUMBER_OF_PROCESSORS=12}
2025-10-14T20:34:57.850-05:00  INFO 14832 --- [ai-chat] [           main] c.dct.kb.ai_chat.AiChatApplicationTests  : Starting AiChatApplicationTests using Java 17.0.5 with PID 14832 (started by durga in C:\Users\durga\OneDrive\Documents\AI Projects\AI-KB-Chat\backend\ai-chat)
2025-10-14T20:34:57.851-05:00  INFO 14832 --- [ai-chat] [           main] c.dct.kb.ai_chat.AiChatApplicationTests  : No active profile set, falling back to 1 default profile: "default"
2025-10-14T20:35:00.693-05:00  INFO 14832 --- [ai-chat] [           main] o.s.b.a.e.web.EndpointLinksResolver      : Exposing 2 endpoints beneath base path '/actuator'
2025-10-14T20:35:00.781-05:00  INFO 14832 --- [ai-chat] [           main] c.dct.kb.ai_chat.AiChatApplicationTests  : Started AiChatApplicationTests in 3.352 seconds (process running for 4.498)
]]></system-out>
  </testcase>
</testsuite>